[debug] [2024-01-24T09:05:50.682Z] ----------------------------------------------------------------------
[debug] [2024-01-24T09:05:50.688Z] Command:       C:\Program Files\nodejs\node.exe C:\Users\hajra\AppData\Roaming\npm\node_modules\firebase-tools\lib\bin\firebase.js init
[debug] [2024-01-24T09:05:50.689Z] CLI Version:   13.0.3
[debug] [2024-01-24T09:05:50.689Z] Platform:      win32
[debug] [2024-01-24T09:05:50.689Z] Node Version:  v21.6.0
[debug] [2024-01-24T09:05:50.689Z] Time:          Wed Jan 24 2024 14:35:50 GMT+0530 (India Standard Time)
[debug] [2024-01-24T09:05:50.690Z] ----------------------------------------------------------------------
[debug] 
[debug] [2024-01-24T09:05:50.698Z] > command requires scopes: ["email","openid","https://www.googleapis.com/auth/cloudplatformprojects.readonly","https://www.googleapis.com/auth/firebase","https://www.googleapis.com/auth/cloud-platform"]
[debug] [2024-01-24T09:05:50.699Z] > authorizing via signed-in user (hajrawajda52@gmail.com)
[info] 
     ######## #### ########  ######## ########     ###     ######  ########
     ##        ##  ##     ## ##       ##     ##  ##   ##  ##       ##
     ######    ##  ########  ######   ########  #########  ######  ######
     ##        ##  ##    ##  ##       ##     ## ##     ##       ## ##
     ##       #### ##     ## ######## ########  ##     ##  ######  ########

You're about to initialize a Firebase project in this directory:

  E:\Expense tracker\expense

[info] 
=== Project Setup
[info] 
[info] First, let's associate this project directory with a Firebase project.
[info] You can create multiple project aliases by running firebase use --add, 
[info] but for now we'll just set up a default project.
[info] 
[debug] [2024-01-24T09:12:01.251Z] >>> [apiv2][query] GET https://firebase.googleapis.com/v1beta1/projects pageSize=100
[debug] [2024-01-24T09:12:03.054Z] <<< [apiv2][status] GET https://firebase.googleapis.com/v1beta1/projects 200
[debug] [2024-01-24T09:12:03.054Z] <<< [apiv2][body] GET https://firebase.googleapis.com/v1beta1/projects [omitted]
[info] i  Using project expense-tracker-273b3 (Expense Tracker) 
[info] 
=== Database Setup
[info] i  database: ensuring required API firebasedatabase.googleapis.com is enabled... 
[debug] [2024-01-24T09:12:14.677Z] >>> [apiv2][query] GET https://serviceusage.googleapis.com/v1/projects/expense-tracker-273b3/services/firebasedatabase.googleapis.com [none]
[debug] [2024-01-24T09:12:14.677Z] >>> [apiv2][(partial)header] GET https://serviceusage.googleapis.com/v1/projects/expense-tracker-273b3/services/firebasedatabase.googleapis.com x-goog-quota-user=projects/expense-tracker-273b3
[debug] [2024-01-24T09:12:16.536Z] <<< [apiv2][status] GET https://serviceusage.googleapis.com/v1/projects/expense-tracker-273b3/services/firebasedatabase.googleapis.com 200
[debug] [2024-01-24T09:12:16.536Z] <<< [apiv2][body] GET https://serviceusage.googleapis.com/v1/projects/expense-tracker-273b3/services/firebasedatabase.googleapis.com [omitted]
[warn] !  database: missing required API firebasedatabase.googleapis.com. Enabling now... 
[debug] [2024-01-24T09:12:16.537Z] >>> [apiv2][query] POST https://serviceusage.googleapis.com/v1/projects/expense-tracker-273b3/services/firebasedatabase.googleapis.com:enable [none]
[debug] [2024-01-24T09:12:16.538Z] >>> [apiv2][(partial)header] POST https://serviceusage.googleapis.com/v1/projects/expense-tracker-273b3/services/firebasedatabase.googleapis.com:enable x-goog-quota-user=projects/expense-tracker-273b3
[debug] [2024-01-24T09:12:17.390Z] <<< [apiv2][status] POST https://serviceusage.googleapis.com/v1/projects/expense-tracker-273b3/services/firebasedatabase.googleapis.com:enable 200
[debug] [2024-01-24T09:12:17.390Z] <<< [apiv2][body] POST https://serviceusage.googleapis.com/v1/projects/expense-tracker-273b3/services/firebasedatabase.googleapis.com:enable [omitted]
[debug] [2024-01-24T09:12:27.393Z] >>> [apiv2][query] GET https://serviceusage.googleapis.com/v1/projects/expense-tracker-273b3/services/firebasedatabase.googleapis.com [none]
[debug] [2024-01-24T09:12:27.393Z] >>> [apiv2][(partial)header] GET https://serviceusage.googleapis.com/v1/projects/expense-tracker-273b3/services/firebasedatabase.googleapis.com x-goog-quota-user=projects/expense-tracker-273b3
[debug] [2024-01-24T09:12:29.180Z] <<< [apiv2][status] GET https://serviceusage.googleapis.com/v1/projects/expense-tracker-273b3/services/firebasedatabase.googleapis.com 200
[debug] [2024-01-24T09:12:29.180Z] <<< [apiv2][body] GET https://serviceusage.googleapis.com/v1/projects/expense-tracker-273b3/services/firebasedatabase.googleapis.com [omitted]
[info] +  database: required API firebasedatabase.googleapis.com is enabled 
[info] 
[debug] [2024-01-24T09:12:29.185Z] >>> [apiv2][query] GET https://firebase.googleapis.com/v1beta1/projects/expense-tracker-273b3 [none]
[debug] [2024-01-24T09:12:29.733Z] <<< [apiv2][status] GET https://firebase.googleapis.com/v1beta1/projects/expense-tracker-273b3 200
[debug] [2024-01-24T09:12:29.734Z] <<< [apiv2][body] GET https://firebase.googleapis.com/v1beta1/projects/expense-tracker-273b3 {"projectId":"expense-tracker-273b3","projectNumber":"315269003553","displayName":"Expense Tracker","name":"projects/expense-tracker-273b3","resources":{"hostingSite":"expense-tracker-273b3","storageBucket":"expense-tracker-273b3.appspot.com","locationId":"us-central"},"state":"ACTIVE","etag":"1_6ddb3c51-e6e3-4667-8e49-9e2df355e71c"}
[debug] [2024-01-24T09:13:34.949Z] >>> [apiv2][query] POST https://firebasedatabase.googleapis.com/v1beta/projects/expense-tracker-273b3/locations/asia-southeast1/instances databaseId=expense-tracker-273b3-default-rtdb&validateOnly=true
[debug] [2024-01-24T09:13:34.949Z] >>> [apiv2][body] POST https://firebasedatabase.googleapis.com/v1beta/projects/expense-tracker-273b3/locations/asia-southeast1/instances {"type":"default_database"}
[debug] [2024-01-24T09:13:36.864Z] <<< [apiv2][status] POST https://firebasedatabase.googleapis.com/v1beta/projects/expense-tracker-273b3/locations/asia-southeast1/instances 200
[debug] [2024-01-24T09:13:36.864Z] <<< [apiv2][body] POST https://firebasedatabase.googleapis.com/v1beta/projects/expense-tracker-273b3/locations/asia-southeast1/instances {"name":"projects/315269003553/locations/asia-southeast1/instances/expense-tracker-273b3-default-rtdb","project":"projects/315269003553","databaseUrl":"https://expense-tracker-273b3-default-rtdb.asia-southeast1.firebasedatabase.app","type":"DEFAULT_DATABASE","state":"ACTIVE"}
[debug] [2024-01-24T09:13:36.865Z] >>> [apiv2][query] POST https://firebasedatabase.googleapis.com/v1beta/projects/expense-tracker-273b3/locations/asia-southeast1/instances databaseId=expense-tracker-273b3-default-rtdb
[debug] [2024-01-24T09:13:36.865Z] >>> [apiv2][body] POST https://firebasedatabase.googleapis.com/v1beta/projects/expense-tracker-273b3/locations/asia-southeast1/instances {"type":"default_database"}
[debug] [2024-01-24T09:13:37.483Z] <<< [apiv2][status] POST https://firebasedatabase.googleapis.com/v1beta/projects/expense-tracker-273b3/locations/asia-southeast1/instances 200
[debug] [2024-01-24T09:13:37.483Z] <<< [apiv2][body] POST https://firebasedatabase.googleapis.com/v1beta/projects/expense-tracker-273b3/locations/asia-southeast1/instances {"name":"projects/315269003553/locations/asia-southeast1/instances/expense-tracker-273b3-default-rtdb","project":"projects/315269003553","databaseUrl":"https://expense-tracker-273b3-default-rtdb.asia-southeast1.firebasedatabase.app","type":"DEFAULT_DATABASE","state":"ACTIVE"}
[info] 
[info] Firebase Realtime Database Security Rules allow you to define how your data should be
[info] structured and when your data can be read from and written to.
[info] 
[debug] [2024-01-24T09:16:40.958Z] >>> [apiv2][query] GET https://expense-tracker-273b3-default-rtdb.asia-southeast1.firebasedatabase.app/.settings/rules.json [none]
[debug] [2024-01-24T09:16:42.547Z] <<< [apiv2][status] GET https://expense-tracker-273b3-default-rtdb.asia-southeast1.firebasedatabase.app/.settings/rules.json 200
[debug] [2024-01-24T09:16:42.548Z] <<< [apiv2][body] GET https://expense-tracker-273b3-default-rtdb.asia-southeast1.firebasedatabase.app/.settings/rules.json [stream]
[info] +  Database Rules for expense-tracker-273b3-default-rtdb have been written to firebase.json. 
[info] Future modifications to firebase.json will update Realtime Database Security Rules when you run
[info] firebase deploy.
[info] 
=== Hosting Setup
[debug] [2024-01-24T09:16:42.558Z] >>> [apiv2][query] GET https://firebase.googleapis.com/v1beta1/projects/expense-tracker-273b3 [none]
[debug] [2024-01-24T09:16:42.998Z] <<< [apiv2][status] GET https://firebase.googleapis.com/v1beta1/projects/expense-tracker-273b3 200
[debug] [2024-01-24T09:16:42.998Z] <<< [apiv2][body] GET https://firebase.googleapis.com/v1beta1/projects/expense-tracker-273b3 {"projectId":"expense-tracker-273b3","projectNumber":"315269003553","displayName":"Expense Tracker","name":"projects/expense-tracker-273b3","resources":{"hostingSite":"expense-tracker-273b3","realtimeDatabaseInstance":"expense-tracker-273b3-default-rtdb","storageBucket":"expense-tracker-273b3.appspot.com","locationId":"us-central"},"state":"ACTIVE","etag":"1_6ddb3c51-e6e3-4667-8e49-9e2df355e71c"}
[info] 
[info] Your public directory is the folder (relative to your project directory) that
[info] will contain Hosting assets to be uploaded with firebase deploy. If you
[info] have a build process for your assets, use your build's output directory.
[info] 
[debug] [2024-01-24T09:22:11.238Z] Error: Path contains invalid characters: E:\Expense tracker\expense\E:\Expense tracker
    at checkPath (C:\Users\hajra\AppData\Roaming\npm\node_modules\firebase-tools\node_modules\fs-extra\lib\mkdirs\utils.js:16:21)
    at module.exports.makeDirSync (C:\Users\hajra\AppData\Roaming\npm\node_modules\firebase-tools\node_modules\fs-extra\lib\mkdirs\make-dir.js:21:3)
    at Object.createFileSync (C:\Users\hajra\AppData\Roaming\npm\node_modules\firebase-tools\node_modules\fs-extra\lib\ensure\file.js:59:45)
    at Config.writeProjectFile (C:\Users\hajra\AppData\Roaming\npm\node_modules\firebase-tools\lib\config.js:154:12)
    at C:\Users\hajra\AppData\Roaming\npm\node_modules\firebase-tools\lib\config.js:178:22
    at process.processTicksAndRejections (node:internal/process/task_queues:95:5)
    at async doSetup (C:\Users\hajra\AppData\Roaming\npm\node_modules\firebase-tools\lib\init\features\hosting\index.js:173:13)
    at async init (C:\Users\hajra\AppData\Roaming\npm\node_modules\firebase-tools\lib\init\index.js:37:9)
[error] 
[error] Error: An unexpected error has occurred.
[debug] [2024-01-24T09:22:20.566Z] ----------------------------------------------------------------------
[debug] [2024-01-24T09:22:20.569Z] Command:       C:\Program Files\nodejs\node.exe C:\Users\hajra\AppData\Roaming\npm\node_modules\firebase-tools\lib\bin\firebase.js init
[debug] [2024-01-24T09:22:20.569Z] CLI Version:   13.0.3
[debug] [2024-01-24T09:22:20.569Z] Platform:      win32
[debug] [2024-01-24T09:22:20.569Z] Node Version:  v21.6.0
[debug] [2024-01-24T09:22:20.569Z] Time:          Wed Jan 24 2024 14:52:20 GMT+0530 (India Standard Time)
[debug] [2024-01-24T09:22:20.570Z] ----------------------------------------------------------------------
[debug] 
[debug] [2024-01-24T09:22:20.634Z] Object "" in "firebase.json" has unknown property: {"additionalProperty":"rules"}
[debug] [2024-01-24T09:22:20.640Z] > command requires scopes: ["email","openid","https://www.googleapis.com/auth/cloudplatformprojects.readonly","https://www.googleapis.com/auth/firebase","https://www.googleapis.com/auth/cloud-platform"]
[debug] [2024-01-24T09:22:20.641Z] > authorizing via signed-in user (hajrawajda52@gmail.com)
[debug] [2024-01-24T09:22:20.642Z] Object "" in "firebase.json" has unknown property: {"additionalProperty":"rules"}
[info] 
     ######## #### ########  ######## ########     ###     ######  ########
     ##        ##  ##     ## ##       ##     ##  ##   ##  ##       ##
     ######    ##  ########  ######   ########  #########  ######  ######
     ##        ##  ##    ##  ##       ##     ## ##     ##       ## ##
     ##       #### ##     ## ######## ########  ##     ##  ######  ########

You're about to initialize a Firebase project in this directory:

  E:\Expense tracker\expense

Before we get started, keep in mind:

  * You are initializing within an existing Firebase project directory

[info] 
=== Project Setup
[info] 
[info] First, let's associate this project directory with a Firebase project.
[info] You can create multiple project aliases by running firebase use --add, 
[info] but for now we'll just set up a default project.
[info] 
[debug] [2024-01-24T09:23:12.637Z] Using project from CLI flag: expense-tracker-273b3
[debug] [2024-01-24T09:23:12.639Z] >>> [apiv2][query] GET https://firebase.googleapis.com/v1beta1/projects/expense-tracker-273b3 [none]
[debug] [2024-01-24T09:23:13.167Z] <<< [apiv2][status] GET https://firebase.googleapis.com/v1beta1/projects/expense-tracker-273b3 200
[debug] [2024-01-24T09:23:13.167Z] <<< [apiv2][body] GET https://firebase.googleapis.com/v1beta1/projects/expense-tracker-273b3 {"projectId":"expense-tracker-273b3","projectNumber":"315269003553","displayName":"Expense Tracker","name":"projects/expense-tracker-273b3","resources":{"hostingSite":"expense-tracker-273b3","realtimeDatabaseInstance":"expense-tracker-273b3-default-rtdb","storageBucket":"expense-tracker-273b3.appspot.com","locationId":"us-central"},"state":"ACTIVE","etag":"1_6ddb3c51-e6e3-4667-8e49-9e2df355e71c"}
[info] i  Using project expense-tracker-273b3 (Expense Tracker) 
[info] 
=== Hosting Setup
[debug] [2024-01-24T09:23:13.188Z] >>> [apiv2][query] GET https://firebase.googleapis.com/v1beta1/projects/expense-tracker-273b3 [none]
[debug] [2024-01-24T09:23:13.503Z] <<< [apiv2][status] GET https://firebase.googleapis.com/v1beta1/projects/expense-tracker-273b3 200
[debug] [2024-01-24T09:23:13.503Z] <<< [apiv2][body] GET https://firebase.googleapis.com/v1beta1/projects/expense-tracker-273b3 {"projectId":"expense-tracker-273b3","projectNumber":"315269003553","displayName":"Expense Tracker","name":"projects/expense-tracker-273b3","resources":{"hostingSite":"expense-tracker-273b3","realtimeDatabaseInstance":"expense-tracker-273b3-default-rtdb","storageBucket":"expense-tracker-273b3.appspot.com","locationId":"us-central"},"state":"ACTIVE","etag":"1_6ddb3c51-e6e3-4667-8e49-9e2df355e71c"}
[info] 
[info] Your public directory is the folder (relative to your project directory) that
[info] will contain Hosting assets to be uploaded with firebase deploy. If you
[info] have a build process for your assets, use your build's output directory.
[info] 
[debug] [2024-01-24T09:23:25.329Z] Error: Path contains invalid characters: E:\Expense tracker\expense\E:\Expense tracker
    at checkPath (C:\Users\hajra\AppData\Roaming\npm\node_modules\firebase-tools\node_modules\fs-extra\lib\mkdirs\utils.js:16:21)
    at module.exports.makeDirSync (C:\Users\hajra\AppData\Roaming\npm\node_modules\firebase-tools\node_modules\fs-extra\lib\mkdirs\make-dir.js:21:3)
    at Object.createFileSync (C:\Users\hajra\AppData\Roaming\npm\node_modules\firebase-tools\node_modules\fs-extra\lib\ensure\file.js:59:45)
    at Config.writeProjectFile (C:\Users\hajra\AppData\Roaming\npm\node_modules\firebase-tools\lib\config.js:154:12)
    at C:\Users\hajra\AppData\Roaming\npm\node_modules\firebase-tools\lib\config.js:178:22
    at process.processTicksAndRejections (node:internal/process/task_queues:95:5)
    at async doSetup (C:\Users\hajra\AppData\Roaming\npm\node_modules\firebase-tools\lib\init\features\hosting\index.js:173:13)
    at async init (C:\Users\hajra\AppData\Roaming\npm\node_modules\firebase-tools\lib\init\index.js:37:9)
[error] 
[error] Error: An unexpected error has occurred.
